-------------------------------------------------------------------------------
Test set: test.java.SampleTest
-------------------------------------------------------------------------------
Tests run: 2, Failures: 1, Errors: 0, Skipped: 0, Time elapsed: 0 sec <<< FAILURE!
test.java.SampleTest.test1()  Time elapsed: 0 sec  <<< FAILURE!
java.lang.AssertionError: Just another Test
	at org.junit.Assert.fail(Assert.java:88)
	at org.junit.Assert.assertTrue(Assert.java:41)
	at test.java.SampleTest.test1(SampleTest.java:15)

